<?xml version="1.0" encoding="UTF-8"?>
<testng-results ignored="0" total="1" passed="1" failed="0" skipped="0">
  <reporter-output>
  </reporter-output>
  <suite started-at="2026-03-13T02:29:29 IST" name="Default suite" finished-at="2026-03-13T02:29:29 IST" duration-ms="39">
    <groups>
    </groups>
    <test started-at="2026-03-13T02:29:29 IST" name="Default test" finished-at="2026-03-13T02:29:29 IST" duration-ms="39">
      <class name="StringManipulation.RemoveSpaces">
        <test-method signature="rmvSpaces()[pri:0, instance:StringManipulation.RemoveSpaces@60d8c0dc]" started-at="2026-03-13T02:29:29 IST" name="rmvSpaces" description="remove spaces " finished-at="2026-03-13T02:29:29 IST" duration-ms="12" status="PASS">
          <reporter-output>
          </reporter-output>
        </test-method> <!-- rmvSpaces -->
      </class> <!-- StringManipulation.RemoveSpaces -->
    </test> <!-- Default test -->
  </suite> <!-- Default suite -->
</testng-results>
