<?xml version="1.0" encoding="UTF-8"?>
<testng-results ignored="0" total="1" passed="1" failed="0" skipped="0">
  <reporter-output>
  </reporter-output>
  <suite started-at="2026-03-13T02:58:52 IST" name="Default suite" finished-at="2026-03-13T02:58:52 IST" duration-ms="29">
    <groups>
    </groups>
    <test started-at="2026-03-13T02:58:52 IST" name="Default test" finished-at="2026-03-13T02:58:52 IST" duration-ms="29">
      <class name="OOPTSconcepts.Interface">
        <test-method signature="interfaceAbs()[pri:0, instance:OOPTSconcepts.Interface@6a62689d]" started-at="2026-03-13T02:58:52 IST" name="interfaceAbs" description="using interface" finished-at="2026-03-13T02:58:52 IST" duration-ms="7" status="PASS">
          <reporter-output>
          </reporter-output>
        </test-method> <!-- interfaceAbs -->
      </class> <!-- OOPTSconcepts.Interface -->
    </test> <!-- Default test -->
  </suite> <!-- Default suite -->
</testng-results>
