<?xml version="1.0" encoding="UTF-8"?>
<!-- Generated by org.testng.reporters.JUnitReportReporter -->
<testsuite hostname="Qaisars-MacBook-Air.local" failures="0" tests="2" name="StringManipulation.Reverse" time="0.009" errors="0" timestamp="2026-03-13T02:12:03 IST" skipped="0">
  <testcase classname="StringManipulation.Reverse" name="ReversedLoop" time="0.008"/>
  <system-out/>
  <testcase classname="StringManipulation.Reverse" name="ReversedSB" time="0.001"/>
  <system-out/>
</testsuite> <!-- StringManipulation.Reverse -->
