<?xml version="1.0" encoding="UTF-8"?>
<!-- Generated by org.testng.reporters.JUnitReportReporter -->
<testsuite hostname="Qaisars-MacBook-Air.local" failures="0" tests="2" name="StringManipulation.RemoveSpaces" time="0.022" errors="0" timestamp="2026-03-13T02:33:48 IST" skipped="0">
  <testcase classname="StringManipulation.RemoveSpaces" name="rmvSpaces" time="0.008"/>
  <system-out/>
  <testcase classname="StringManipulation.RemoveSpaces" name="strManipulation" time="0.014"/>
  <system-out/>
</testsuite> <!-- StringManipulation.RemoveSpaces -->
