<?xml version="1.0" encoding="UTF-8"?>
<!-- Generated by org.testng.reporters.JUnitReportReporter -->
<testsuite hostname="Qaisars-MacBook-Air.local" failures="0" tests="2" name="PROJECTS.LargestSmallestSTRINGnumbers" time="0.009" errors="0" timestamp="2026-03-12T23:06:47 IST" skipped="0">
  <testcase classname="PROJECTS.LargestSmallestSTRINGnumbers" name="smallest" time="0.008"/>
  <system-out/>
  <testcase classname="PROJECTS.LargestSmallestSTRINGnumbers" name="largest" time="0.001"/>
  <system-out/>
</testsuite> <!-- PROJECTS.LargestSmallestSTRINGnumbers -->
